<?xml version="1.0" encoding="UTF-8"?>
<!-- Generated by org.testng.reporters.JUnitReportReporter -->
<testsuite hostname="Ganesha" failures="0" tests="1" name="TestCases.TC_003_AddToCart" time="31.315" errors="0" timestamp="2022-11-15T10:35:50 IST" skipped="0">
  <testcase classname="TestCases.TC_003_AddToCart" name="checkAddToCartFunctionaly" time="31.315"/>
  <system-out/>
</testsuite> <!-- TestCases.TC_003_AddToCart -->
