<?xml version="1.0" encoding="UTF-8"?>
<!-- Generated by org.testng.reporters.JUnitReportReporter -->
<testsuite hostname="Ganesha" failures="0" tests="1" name="TestCases.Vijay" time="6.837" errors="0" timestamp="2022-11-23T10:59:06 IST" skipped="0">
  <testcase classname="TestCases.Vijay" name="dropDown" time="6.837"/>
  <system-out/>
</testsuite> <!-- TestCases.Vijay -->
