<?xml version="1.0" encoding="UTF-8"?>
<!-- Generated by org.testng.reporters.JUnitReportReporter -->
<testsuite hostname="Ganesha" failures="0" tests="1" name="TestCases.TC_001_CreateNewAC" time="10.815" errors="0" timestamp="2022-11-25T14:01:44 IST" skipped="0">
  <testcase classname="TestCases.TC_001_CreateNewAC" name="CreateAC" time="10.815"/>
  <system-out/>
</testsuite> <!-- TestCases.TC_001_CreateNewAC -->
