<?xml version="1.0" encoding="UTF-8"?>
<!-- Generated by org.testng.reporters.JUnitReportReporter -->
<testsuite hostname="Ganesha" failures="0" tests="1" name="TestCases.TC_004_RemoveToCart" time="73.831" errors="0" timestamp="2022-11-15T10:35:50 IST" skipped="0">
  <testcase classname="TestCases.TC_004_RemoveToCart" name="checkRemoveToCart" time="73.831"/>
  <system-out/>
</testsuite> <!-- TestCases.TC_004_RemoveToCart -->
