<?xml version="1.0" encoding="UTF-8"?>
<!-- Generated by org.testng.reporters.JUnitReportReporter -->
<testsuite hostname="Ganesha" failures="0" tests="1" name="TestCases.TC_001_CreateNewAC" time="11.361" errors="0" timestamp="2022-11-15T10:35:50 IST" skipped="0">
  <testcase classname="TestCases.TC_001_CreateNewAC" name="CreateAC" time="11.361"/>
  <system-out/>
</testsuite> <!-- TestCases.TC_001_CreateNewAC -->
