<?xml version="1.0" encoding="UTF-8"?>
<!-- Generated by org.testng.reporters.JUnitReportReporter -->
<testsuite hostname="Ganesha" failures="0" tests="1" name="TestCases.TC_005_WhatsNew" time="128.528" errors="0" timestamp="2022-11-22T22:07:57 IST" skipped="0">
  <testcase classname="TestCases.TC_005_WhatsNew" name="checkWhatsNewFeature" time="128.528"/>
  <system-out/>
</testsuite> <!-- TestCases.TC_005_WhatsNew -->
