<?xml version="1.0" encoding="UTF-8"?>
<!-- Generated by org.testng.reporters.JUnitReportReporter -->
<testsuite hostname="Ganesha" failures="0" tests="1" name="TestCases.TC_002_LogIn" time="11.173" errors="0" timestamp="2022-11-25T14:01:44 IST" skipped="0">
  <testcase classname="TestCases.TC_002_LogIn" name="checkLogIn" time="11.173"/>
  <system-out/>
</testsuite> <!-- TestCases.TC_002_LogIn -->
